#! /usr/bin/vvp
:ivl_version "10.1 (stable)";
:ivl_delay_selection "TYPICAL";
:vpi_time_precision + 0;
:vpi_module "system";
:vpi_module "vhdl_sys";
:vpi_module "v2005_math";
:vpi_module "va_math";
S_0x55a5e7ef14e0 .scope module, "Guia2_1d" "Guia2_1d" 2 1;
 .timescale 0 0;
v0x55a5e7ef1830_0 .var/i "contador", 31 0;
v0x55a5e7f118d0_0 .var "d", 4 0;
v0x55a5e7f119b0_0 .var/real "numero", 0 0;
v0x55a5e7f11a50_0 .var/real "resp", 0 0;
S_0x55a5e7ef1660 .scope begin, "main" "main" 2 10, 2 10 0, S_0x55a5e7ef14e0;
 .timescale 0 0;
    .scope S_0x55a5e7ef14e0;
T_0 ;
    %pushi/real 0, 4065; load=0.00000
    %store/real v0x55a5e7f11a50_0;
    %end;
    .thread T_0;
    .scope S_0x55a5e7ef14e0;
T_1 ;
    %pushi/real 1073741824, 4066; load=1.00000
    %store/real v0x55a5e7f119b0_0;
    %end;
    .thread T_1;
    .scope S_0x55a5e7ef14e0;
T_2 ;
    %pushi/vec4 11, 0, 5;
    %store/vec4 v0x55a5e7f118d0_0, 0, 5;
    %end;
    .thread T_2;
    .scope S_0x55a5e7ef14e0;
T_3 ;
    %pushi/vec4 4, 0, 32;
    %store/vec4 v0x55a5e7ef1830_0, 0, 32;
    %end;
    .thread T_3;
    .scope S_0x55a5e7ef14e0;
T_4 ;
    %fork t_1, S_0x55a5e7ef1660;
    %jmp t_0;
    .scope S_0x55a5e7ef1660;
t_1 ;
T_4.0 ;
    %pushi/vec4 0, 0, 32;
    %load/vec4 v0x55a5e7ef1830_0;
    %cmp/s;
    %flag_or 5, 4;
    %jmp/0xz T_4.1, 5;
    %load/real v0x55a5e7f119b0_0;
    %pushi/real 1073741824, 4067; load=2.00000
    %div/wr;
    %store/real v0x55a5e7f119b0_0;
    %load/vec4 v0x55a5e7f118d0_0;
    %load/vec4 v0x55a5e7ef1830_0;
    %part/s 1;
    %pad/u 32;
    %cmpi/e 1, 0, 32;
    %jmp/0xz  T_4.2, 4;
    %load/real v0x55a5e7f11a50_0;
    %load/real v0x55a5e7f119b0_0;
    %add/wr;
    %store/real v0x55a5e7f11a50_0;
T_4.2 ;
    %load/vec4 v0x55a5e7ef1830_0;
    %subi 1, 0, 32;
    %store/vec4 v0x55a5e7ef1830_0, 0, 32;
    %jmp T_4.0;
T_4.1 ;
    %load/real v0x55a5e7f11a50_0;
    %pushi/vec4 1, 0, 32;
    %ix/vec4/s 4;
    %cvt/rs 4;
    %add/wr;
    %store/real v0x55a5e7f11a50_0;
    %vpi_call 2 24 "$display", "d = %f", v0x55a5e7f11a50_0 {0 0 0};
    %end;
    .scope S_0x55a5e7ef14e0;
t_0 %join;
    %end;
    .thread T_4;
# The file index is used to find the file name in the following table.
:file_names 3;
    "N/A";
    "<interactive>";
    "bin2double1d.v";
