#! /usr/bin/vvp
:ivl_version "10.1 (stable)";
:ivl_delay_selection "TYPICAL";
:vpi_time_precision + 0;
:vpi_module "system";
:vpi_module "vhdl_sys";
:vpi_module "v2005_math";
:vpi_module "va_math";
S_0x557cad99c930 .scope module, "double2bin" "double2bin" 2 1;
 .timescale 0 0;
v0x557cad99cc30_0 .var "bin", 7 0;
v0x557cad9bccf0_0 .var/i "contador", 31 0;
v0x557cad9bcdd0_0 .var/real "double", 0 0;
S_0x557cad99cab0 .scope begin, "main" "main" 2 10, 2 10 0, S_0x557cad99c930;
 .timescale 0 0;
    .scope S_0x557cad99c930;
T_0 ;
    %pushi/real 1073741824, 4062; load=0.0625000
    %store/real v0x557cad9bcdd0_0;
    %end;
    .thread T_0;
    .scope S_0x557cad99c930;
T_1 ;
    %pushi/vec4 7, 0, 32;
    %store/vec4 v0x557cad9bccf0_0, 0, 32;
    %end;
    .thread T_1;
    .scope S_0x557cad99c930;
T_2 ;
    %pushi/vec4 0, 0, 8;
    %store/vec4 v0x557cad99cc30_0, 0, 8;
    %end;
    .thread T_2;
    .scope S_0x557cad99c930;
T_3 ;
    %fork t_1, S_0x557cad99cab0;
    %jmp t_0;
    .scope S_0x557cad99cab0;
t_1 ;
T_3.0 ;
    %pushi/vec4 0, 0, 32;
    %ix/vec4/s 4;
    %cvt/rs 4;
    %load/real v0x557cad9bcdd0_0;
    %cmp/wr;
    %flag_get/vec4 5;
    %pushi/vec4 0, 0, 32;
    %load/vec4 v0x557cad99cc30_0;
    %pad/u 32;
    %cmp/u;
    %flag_get/vec4 4;
    %flag_get/vec4 5;
    %or;
    %and;
    %flag_set/vec4 8;
    %jmp/0xz T_3.1, 8;
    %pushi/real 1073741824, 4066; load=1.00000
    %load/real v0x557cad9bcdd0_0;
    %pushi/real 1073741824, 4067; load=2.00000
    %mul/wr;
    %cmp/wr;
    %flag_or 5, 4;
    %jmp/0xz  T_3.2, 5;
    %pushi/vec4 1, 0, 1;
    %ix/getv/s 4, v0x557cad9bccf0_0;
    %store/vec4 v0x557cad99cc30_0, 4, 1;
    %load/real v0x557cad9bcdd0_0;
    %pushi/real 1073741824, 4067; load=2.00000
    %mul/wr;
    %pushi/real 1073741824, 4066; load=1.00000
    %sub/wr;
    %store/real v0x557cad9bcdd0_0;
    %jmp T_3.3;
T_3.2 ;
    %pushi/vec4 0, 0, 1;
    %ix/getv/s 4, v0x557cad9bccf0_0;
    %store/vec4 v0x557cad99cc30_0, 4, 1;
    %load/real v0x557cad9bcdd0_0;
    %pushi/real 1073741824, 4067; load=2.00000
    %mul/wr;
    %store/real v0x557cad9bcdd0_0;
T_3.3 ;
    %load/vec4 v0x557cad9bccf0_0;
    %subi 1, 0, 32;
    %store/vec4 v0x557cad9bccf0_0, 0, 32;
    %jmp T_3.0;
T_3.1 ;
    %vpi_call 2 28 "$display", "Binario = 0.%b", v0x557cad99cc30_0 {0 0 0};
    %end;
    .scope S_0x557cad99c930;
t_0 %join;
    %end;
    .thread T_3;
# The file index is used to find the file name in the following table.
:file_names 3;
    "N/A";
    "<interactive>";
    "double2bin.v";
